Change Component Designator: Old Designator=C18 New Designator=C?
Change Component Designator: Old Designator=C19 New Designator=C?
Change Component Designator: Old Designator=C20 New Designator=C?
Change Component Designator: Old Designator=C21 New Designator=C?
Change Component Designator: Old Designator=C22 New Designator=C?
Change Component Designator: Old Designator=C23 New Designator=C?
Change Component Designator: Old Designator=C24 New Designator=C?
Change Component Designator: Old Designator=C25 New Designator=C?
Change Component Designator: Old Designator=D7 New Designator=D?
Change Component Designator: Old Designator=D8 New Designator=D?
Change Component Designator: Old Designator=D9 New Designator=D?
Change Component Designator: Old Designator=D10 New Designator=D?
Change Component Designator: Old Designator=P4 New Designator=P?
Change Component Designator: Old Designator=R28 New Designator=R?
Change Component Designator: Old Designator=R29 New Designator=R?
Change Component Designator: Old Designator=R30 New Designator=R?
Change Component Designator: Old Designator=R31 New Designator=R?
Change Component Designator: Old Designator=R32 New Designator=R?
Change Component Designator: Old Designator=R33 New Designator=R?
Change Component Designator: Old Designator=U4 New Designator=U?
