Removed Pin From Net: NetName=GND Pin=C33-1
Removed Pin From Net: NetName=GND Pin=C34-1
Removed Pin From Net: NetName=GND Pin=C35-1
Removed Pin From Net: NetName=GND Pin=C36-1
Removed Pin From Net: NetName=GND Pin=C46-1
Removed Pin From Net: NetName=GND Pin=C47-1
Removed Pin From Net: NetName=GND Pin=C49-2
Removed Pin From Net: NetName=GND Pin=C50-1
Removed Pin From Net: NetName=GND Pin=C51-1
Removed Pin From Net: NetName=GND Pin=C52-2
Removed Pin From Net: NetName=GND Pin=C53-1
Removed Pin From Net: NetName=GND Pin=C54-1
Removed Pin From Net: NetName=GND Pin=C55-1
Removed Pin From Net: NetName=GND Pin=C56-1
Removed Pin From Net: NetName=GND Pin=C57-1
Removed Pin From Net: NetName=GND Pin=C58-2
Removed Pin From Net: NetName=GND Pin=C59-2
Removed Pin From Net: NetName=GND Pin=C60-1
Removed Pin From Net: NetName=GND Pin=D10-2
Removed Pin From Net: NetName=GND Pin=P8-2
Removed Pin From Net: NetName=GND Pin=P14-2
Removed Pin From Net: NetName=GND Pin=P15-2
Removed Pin From Net: NetName=GND Pin=P16-2
Removed Pin From Net: NetName=GND Pin=P17-2
Removed Pin From Net: NetName=GND Pin=P18-2
Removed Pin From Net: NetName=GND Pin=P19-2
Removed Pin From Net: NetName=GND Pin=P20-2
Removed Pin From Net: NetName=GND Pin=Q1-2
Removed Pin From Net: NetName=GND Pin=Q2-2
Removed Pin From Net: NetName=GND Pin=R24-2
Removed Pin From Net: NetName=GND Pin=R25-2
Removed Pin From Net: NetName=GND Pin=R30-2
Removed Pin From Net: NetName=GND Pin=R31-2
Removed Pin From Net: NetName=GND Pin=R32-2
Removed Pin From Net: NetName=GND Pin=R41-2
Removed Pin From Net: NetName=GND Pin=R42-2
Removed Pin From Net: NetName=GND Pin=U9-6
Removed Pin From Net: NetName=GND Pin=U9-7
Removed Pin From Net: NetName=GND Pin=U9-11
Removed Pin From Net: NetName=GND Pin=U9-12
Removed Pin From Net: NetName=GND Pin=U9-13
Removed Pin From Net: NetName=GND Pin=U9-14
Removed Pin From Net: NetName=GND Pin=U9-15
Removed Pin From Net: NetName=GND Pin=U10-4
Removed Pin From Net: NetName=GND Pin=U10-8
Removed Pin From Net: NetName=GND Pin=U11-1
Removed Pin From Net: NetName=GND Pin=U11-7
Added Component: Designator=FB13(INDC1608N)
Added Pin To Net: NetName=GND Pin=FB13-2
Added Pin To Net: NetName=GNDP Pin=C33-1
Added Pin To Net: NetName=GNDP Pin=C34-1
Added Pin To Net: NetName=GNDP Pin=C35-1
Added Pin To Net: NetName=GNDP Pin=C36-1
Added Pin To Net: NetName=GNDP Pin=C46-1
Added Pin To Net: NetName=GNDP Pin=C47-1
Added Pin To Net: NetName=GNDP Pin=C49-2
Added Pin To Net: NetName=GNDP Pin=C50-1
Added Pin To Net: NetName=GNDP Pin=C51-1
Added Pin To Net: NetName=GNDP Pin=C52-2
Added Pin To Net: NetName=GNDP Pin=C53-1
Added Pin To Net: NetName=GNDP Pin=C54-1
Added Pin To Net: NetName=GNDP Pin=C55-1
Added Pin To Net: NetName=GNDP Pin=C56-1
Added Pin To Net: NetName=GNDP Pin=C57-1
Added Pin To Net: NetName=GNDP Pin=C58-2
Added Pin To Net: NetName=GNDP Pin=C59-2
Added Pin To Net: NetName=GNDP Pin=C60-1
Added Pin To Net: NetName=GNDP Pin=D10-2
Added Pin To Net: NetName=GNDP Pin=FB13-1
Added Pin To Net: NetName=GNDP Pin=P8-2
Added Pin To Net: NetName=GNDP Pin=P14-2
Added Pin To Net: NetName=GNDP Pin=P15-2
Added Pin To Net: NetName=GNDP Pin=P16-2
Added Pin To Net: NetName=GNDP Pin=P17-2
Added Pin To Net: NetName=GNDP Pin=P18-2
Added Pin To Net: NetName=GNDP Pin=P19-2
Added Pin To Net: NetName=GNDP Pin=P20-2
Added Pin To Net: NetName=GNDP Pin=Q1-2
Added Pin To Net: NetName=GNDP Pin=Q2-2
Added Pin To Net: NetName=GNDP Pin=R24-2
Added Pin To Net: NetName=GNDP Pin=R25-2
Added Pin To Net: NetName=GNDP Pin=R30-2
Added Pin To Net: NetName=GNDP Pin=R31-2
Added Pin To Net: NetName=GNDP Pin=R32-2
Added Pin To Net: NetName=GNDP Pin=R41-2
Added Pin To Net: NetName=GNDP Pin=R42-2
Added Pin To Net: NetName=GNDP Pin=U9-6
Added Pin To Net: NetName=GNDP Pin=U9-7
Added Pin To Net: NetName=GNDP Pin=U9-11
Added Pin To Net: NetName=GNDP Pin=U9-12
Added Pin To Net: NetName=GNDP Pin=U9-13
Added Pin To Net: NetName=GNDP Pin=U9-14
Added Pin To Net: NetName=GNDP Pin=U9-15
Added Pin To Net: NetName=GNDP Pin=U10-4
Added Pin To Net: NetName=GNDP Pin=U10-8
Added Pin To Net: NetName=GNDP Pin=U11-1
Added Pin To Net: NetName=GNDP Pin=U11-7
Added Net: Name=GNDP
